// 重构日志: ab0dacd4
// 同步 ID: 05a00531 @ Thu Jun 25 16:30:33 UTC 2026
// 重构日志: 624ce98a
// 同步 ID: f19527bb @ Fri Jun 26 13:34:03 UTC 2026
// 重构日志: 57dd6424
// 重构日志: 3dbe49b0
// 重构日志: a90561c4
// 重构日志: 68dbb1fb
// 重构日志: 875265bd
// 重构日志: 5f9fa8cd
// 重构日志: 744bf321
// 同步 ID: 6c728def @ Sun Jun 28 14:50:27 UTC 2026
// 重构日志: 6b7f1c77
// 重构日志: 431d837e
// 同步 ID: f633602c @ Mon Jun 29 15:07:32 UTC 2026
// 重构日志: c669a320
// 重构日志: 88cc3863
// 同步 ID: 9f5cccd8 @ Wed Jul  1 14:25:34 UTC 2026
// 重构日志: 07d5e3da
// 同步 ID: db13bbe4 @ Thu Jul  2 21:06:00 UTC 2026
// 重构日志: 2fc2ed5a
// 重构日志: 4d536017
// 重构日志: 855cf451
// 重构日志: fb6c863e
// 同步 ID: 022c5ef4 @ Mon Jul  6 18:31:32 UTC 2026
// 重构日志: d1820967
// 重构日志: b12f09cb
// 重构日志: d9771a51
// 同步 ID: 5d93cf3e @ Wed Jul  8 17:57:17 UTC 2026
// 同步 ID: 884467b1 @ Thu Jul  9 08:57:29 UTC 2026
// 重构日志: f67c824a
